2020/11/24 08:56:07 -     INFO: ------------- 2020-11-24_08-56-07 -------------

2020/11/24 08:56:07 -     INFO: Running on : deepnet3.psy.gla.ac.uk
2020/11/24 08:56:07 -     INFO:     Python : 3.6.8 (default, Apr  2 2020, 13:34:55) 
2020/11/24 08:56:07 -     INFO:      Numpy : 1.16.5
2020/11/24 08:56:07 -     INFO:       json : 2.0.9
2020/11/24 08:56:07 -     INFO:    nibabel : 2.5.1
2020/11/24 08:56:07 -     INFO:      Keras : 2.2.4
2020/11/24 08:56:07 -     INFO: Tensorflow : 1.14.0 

2020/11/24 08:56:07 -     INFO: ############### SELECTED PARAMETERS ###############
2020/11/24 08:56:07 -     INFO: ('model', 'ThreeLevelsConvUNetStridedConv')
2020/11/24 08:56:07 -     INFO: ('learning_rate', 0.0005)
2020/11/24 08:56:07 -     INFO: ('batch_size', 1)
2020/11/24 08:56:07 -     INFO: ('epochs', 87)
2020/11/24 08:56:07 -     INFO: ('n_filters', 24)
2020/11/24 08:56:07 -     INFO: ('loss_funct', 'categorical_crossentropy')
2020/11/24 08:56:07 -     INFO: ('encoder_act_funct', 'relu')
2020/11/24 08:56:07 -     INFO: ('decoder_act_funct', 'relu')
2020/11/24 08:56:07 -     INFO: ('dropout', True)
2020/11/24 08:56:07 -     INFO: ('weight_class', False)
2020/11/24 08:56:07 -     INFO: ('anat_ide', 'T1w')
2020/11/24 08:56:07 -     INFO: ('GT_to_predict', 'training_labels')
2020/11/24 08:56:07 -     INFO: ('augmentation', True)
2020/11/24 08:56:07 -     INFO: ('augm_factor', 10)
2020/11/24 08:56:07 -     INFO: full_path_mean_subject: /analyse/Project0235/segmentator/data/glasgow/7T/analyses/mean_std/_T1w_average_subject.nii.gz
2020/11/24 08:56:07 -     INFO: full_path_std_subject: /analyse/Project0235/segmentator/data/glasgow/7T/analyses/mean_std/_T1w_stdDev_subject.nii.gz
2020/11/24 08:56:07 -     INFO: path_out_folder: /analyse/Project0235/segmentator/output/outputs_7t/training/training_2020-11-24_08-56-07_anatIde=T1w_GT=training-labels_nf=24_epoch=87_BIDS_augm/
2020/11/24 08:56:07 -     INFO: Log_filename: /analyse/Project0235/segmentator/output/outputs_7t/training/training_2020-11-24_08-56-07_anatIde=T1w_GT=training-labels_nf=24_epoch=87_BIDS_augm/training.log
2020/11/24 08:56:07 -     INFO: json_filename: /analyse/Project0235/segmentator/output/outputs_7t/training/training_2020-11-24_08-56-07_anatIde=T1w_GT=training-labels_nf=24_epoch=87_BIDS_augm/experiment_detail.json
2020/11/24 08:56:07 -     INFO: json_history_filename: /analyse/Project0235/segmentator/output/outputs_7t/training/training_2020-11-24_08-56-07_anatIde=T1w_GT=training-labels_nf=24_epoch=87_BIDS_augm/training_history.json
2020/11/24 08:56:07 -     INFO: ##################################################

2020/11/24 08:56:09 -     INFO: Volume shapes: (256, 352, 224)
2020/11/24 08:56:09 -     INFO: All volumes number: 142
2020/11/24 08:56:09 -     INFO: Training set - original(#): 117 vols.
2020/11/24 08:56:09 -     INFO: Training set - augmented(#): 1170 vols.
2020/11/24 08:56:09 -     INFO: Loaded inhomogeneity_volume (shape): (512, 704, 448)
2020/11/24 08:56:09 -     INFO: Training set (#): 1287 vols.
2020/11/24 08:56:09 -     INFO: Validation set (#): 4 vols.
2020/11/24 08:56:09 -     INFO: Testing set (#): 21 vols.
2020/11/24 08:56:09 -     INFO: Loading data..
2020/11/24 08:56:16 -     INFO: completed!

2020/11/24 08:56:16 -     INFO: Validation set shape: (4, 256, 352, 224, 1)
2020/11/24 08:56:16 -     INFO: Validation set shape (GT): (4, 256, 352, 224, 7)
2020/11/24 08:56:16 -     INFO: *** Data Loaded (val/test sets)! ***

2020/11/24 08:56:16 -  WARNING: From /usr/local/lib64/python3.6/site-packages/keras/backend/tensorflow_backend.py:517: The name tf.placeholder is deprecated. Please use tf.compat.v1.placeholder instead.

2020/11/24 08:56:16 -  WARNING: From /usr/local/lib64/python3.6/site-packages/keras/backend/tensorflow_backend.py:4185: The name tf.truncated_normal is deprecated. Please use tf.random.truncated_normal instead.

2020/11/24 08:56:16 -  WARNING: From /usr/local/lib64/python3.6/site-packages/keras/backend/tensorflow_backend.py:131: The name tf.get_default_graph is deprecated. Please use tf.compat.v1.get_default_graph instead.

2020/11/24 08:56:16 -  WARNING: From /usr/local/lib64/python3.6/site-packages/keras/backend/tensorflow_backend.py:133: The name tf.placeholder_with_default is deprecated. Please use tf.compat.v1.placeholder_with_default instead.

2020/11/24 08:56:16 -  WARNING: From /usr/local/lib64/python3.6/site-packages/keras/backend/tensorflow_backend.py:3445: calling dropout (from tensorflow.python.ops.nn_ops) with keep_prob is deprecated and will be removed in a future version.
Instructions for updating:
Please use `rate` instead of `keep_prob`. Rate should be set to `rate = 1 - keep_prob`.
2020/11/24 08:56:16 -  WARNING: From /usr/local/lib64/python3.6/site-packages/keras/optimizers.py:790: The name tf.train.Optimizer is deprecated. Please use tf.compat.v1.train.Optimizer instead.

2020/11/24 08:56:16 -  WARNING: From /usr/local/lib64/python3.6/site-packages/keras/backend/tensorflow_backend.py:3295: The name tf.log is deprecated. Please use tf.math.log instead.

2020/11/24 08:56:16 -     INFO: __________________________________________________________________________________________________________________________________
2020/11/24 08:56:16 -     INFO: Layer (type)                              Output Shape                 Param #         Connected to                               
2020/11/24 08:56:16 -     INFO: ==================================================================================================================================
2020/11/24 08:56:16 -     INFO: main_input (InputLayer)                   (None, 256, 352, 224, 1)     0                                                          
2020/11/24 08:56:16 -     INFO: __________________________________________________________________________________________________________________________________
2020/11/24 08:56:16 -     INFO: enc_lvl1_block1_conv (Conv3D)             (None, 256, 352, 224, 24)    672             main_input[0][0]                           
2020/11/24 08:56:16 -     INFO: __________________________________________________________________________________________________________________________________
2020/11/24 08:56:16 -     INFO: enc_lvl1_block1_dr (Dropout)              (None, 256, 352, 224, 24)    0               enc_lvl1_block1_conv[0][0]                 
2020/11/24 08:56:16 -     INFO: __________________________________________________________________________________________________________________________________
2020/11/24 08:56:16 -     INFO: down_1to2_conv (Conv3D)                   (None, 64, 88, 56, 48)       73776           enc_lvl1_block1_dr[0][0]                   
2020/11/24 08:56:16 -     INFO: __________________________________________________________________________________________________________________________________
2020/11/24 08:56:16 -     INFO: down_1to2_dr (Dropout)                    (None, 64, 88, 56, 48)       0               down_1to2_conv[0][0]                       
2020/11/24 08:56:16 -     INFO: __________________________________________________________________________________________________________________________________
2020/11/24 08:56:16 -     INFO: enc_lvl2_block1_conv (Conv3D)             (None, 64, 88, 56, 48)       62256           down_1to2_dr[0][0]                         
2020/11/24 08:56:16 -     INFO: __________________________________________________________________________________________________________________________________
2020/11/24 08:56:16 -     INFO: enc_lvl2_block1_dr (Dropout)              (None, 64, 88, 56, 48)       0               enc_lvl2_block1_conv[0][0]                 
2020/11/24 08:56:16 -     INFO: __________________________________________________________________________________________________________________________________
2020/11/24 08:56:16 -     INFO: enc_lvl2_block2_conv (Conv3D)             (None, 64, 88, 56, 48)       62256           enc_lvl2_block1_dr[0][0]                   
2020/11/24 08:56:16 -     INFO: __________________________________________________________________________________________________________________________________
2020/11/24 08:56:16 -     INFO: enc_lvl2_block2_dr (Dropout)              (None, 64, 88, 56, 48)       0               enc_lvl2_block2_conv[0][0]                 
2020/11/24 08:56:16 -     INFO: __________________________________________________________________________________________________________________________________
2020/11/24 08:56:16 -     INFO: down_2to3_conv (Conv3D)                   (None, 32, 44, 28, 96)       36960           enc_lvl2_block2_dr[0][0]                   
2020/11/24 08:56:16 -     INFO: __________________________________________________________________________________________________________________________________
2020/11/24 08:56:16 -     INFO: down_2to3_dr (Dropout)                    (None, 32, 44, 28, 96)       0               down_2to3_conv[0][0]                       
2020/11/24 08:56:16 -     INFO: __________________________________________________________________________________________________________________________________
2020/11/24 08:56:16 -     INFO: enc_lvl3_block1_conv (Conv3D)             (None, 32, 44, 28, 96)       248928          down_2to3_dr[0][0]                         
2020/11/24 08:56:16 -     INFO: __________________________________________________________________________________________________________________________________
2020/11/24 08:56:16 -     INFO: enc_lvl3_block1_dr (Dropout)              (None, 32, 44, 28, 96)       0               enc_lvl3_block1_conv[0][0]                 
2020/11/24 08:56:16 -     INFO: __________________________________________________________________________________________________________________________________
2020/11/24 08:56:16 -     INFO: enc_lvl3_block2_conv (Conv3D)             (None, 32, 44, 28, 96)       248928          enc_lvl3_block1_dr[0][0]                   
2020/11/24 08:56:16 -     INFO: __________________________________________________________________________________________________________________________________
2020/11/24 08:56:16 -     INFO: enc_lvl3_block2_dr (Dropout)              (None, 32, 44, 28, 96)       0               enc_lvl3_block2_conv[0][0]                 
2020/11/24 08:56:16 -     INFO: __________________________________________________________________________________________________________________________________
2020/11/24 08:56:16 -     INFO: enc_lvl3_block3_conv (Conv3D)             (None, 32, 44, 28, 96)       248928          enc_lvl3_block2_dr[0][0]                   
2020/11/24 08:56:16 -     INFO: __________________________________________________________________________________________________________________________________
2020/11/24 08:56:16 -     INFO: enc_lvl3_block3_dr (Dropout)              (None, 32, 44, 28, 96)       0               enc_lvl3_block3_conv[0][0]                 
2020/11/24 08:56:16 -     INFO: __________________________________________________________________________________________________________________________________
2020/11/24 08:56:16 -     INFO: up_3to2_conv (Conv3DTranspose)            (None, 64, 88, 56, 48)       36912           enc_lvl3_block3_dr[0][0]                   
2020/11/24 08:56:16 -     INFO: __________________________________________________________________________________________________________________________________
2020/11/24 08:56:16 -     INFO: up_3to2_dr (Dropout)                      (None, 64, 88, 56, 48)       0               up_3to2_conv[0][0]                         
2020/11/24 08:56:16 -     INFO: __________________________________________________________________________________________________________________________________
2020/11/24 08:56:16 -     INFO: skip_conn_lvl2 (Add)                      (None, 64, 88, 56, 48)       0               enc_lvl2_block2_dr[0][0]                   
2020/11/24 08:56:16 -     INFO:                                                                                        up_3to2_dr[0][0]                           
2020/11/24 08:56:16 -     INFO: __________________________________________________________________________________________________________________________________
2020/11/24 08:56:16 -     INFO: dec_lvl2_block1_conv (Conv3D)             (None, 64, 88, 56, 48)       62256           skip_conn_lvl2[0][0]                       
2020/11/24 08:56:16 -     INFO: __________________________________________________________________________________________________________________________________
2020/11/24 08:56:16 -     INFO: dec_lvl2_block1_dr (Dropout)              (None, 64, 88, 56, 48)       0               dec_lvl2_block1_conv[0][0]                 
2020/11/24 08:56:16 -     INFO: __________________________________________________________________________________________________________________________________
2020/11/24 08:56:16 -     INFO: dec_lvl2_block2_conv (Conv3D)             (None, 64, 88, 56, 48)       62256           dec_lvl2_block1_dr[0][0]                   
2020/11/24 08:56:16 -     INFO: __________________________________________________________________________________________________________________________________
2020/11/24 08:56:16 -     INFO: dec_lvl2_block2_dr (Dropout)              (None, 64, 88, 56, 48)       0               dec_lvl2_block2_conv[0][0]                 
2020/11/24 08:56:16 -     INFO: __________________________________________________________________________________________________________________________________
2020/11/24 08:56:16 -     INFO: up_2to1_conv (Conv3DTranspose)            (None, 256, 352, 224, 24)    73752           dec_lvl2_block2_dr[0][0]                   
2020/11/24 08:56:16 -     INFO: __________________________________________________________________________________________________________________________________
2020/11/24 08:56:16 -     INFO: up_2to1_dr (Dropout)                      (None, 256, 352, 224, 24)    0               up_2to1_conv[0][0]                         
2020/11/24 08:56:16 -     INFO: __________________________________________________________________________________________________________________________________
2020/11/24 08:56:16 -     INFO: skip_conn_lvl1 (Add)                      (None, 256, 352, 224, 24)    0               enc_lvl1_block1_dr[0][0]                   
2020/11/24 08:56:16 -     INFO:                                                                                        up_2to1_dr[0][0]                           
2020/11/24 08:56:16 -     INFO: __________________________________________________________________________________________________________________________________
2020/11/24 08:56:16 -     INFO: dec_lvl1_block1_conv (Conv3D)             (None, 256, 352, 224, 24)    15576           skip_conn_lvl1[0][0]                       
2020/11/24 08:56:16 -     INFO: __________________________________________________________________________________________________________________________________
2020/11/24 08:56:16 -     INFO: dec_lvl1_block1_dr (Dropout)              (None, 256, 352, 224, 24)    0               dec_lvl1_block1_conv[0][0]                 
2020/11/24 08:56:16 -     INFO: __________________________________________________________________________________________________________________________________
2020/11/24 08:56:16 -     INFO: main_output (Conv3D)                      (None, 256, 352, 224, 7)     175             dec_lvl1_block1_dr[0][0]                   
2020/11/24 08:56:16 -     INFO: ==================================================================================================================================
2020/11/24 08:56:16 -     INFO: Total params: 1,233,631
2020/11/24 08:56:16 -     INFO: Trainable params: 1,233,631
2020/11/24 08:56:16 -     INFO: Non-trainable params: 0
2020/11/24 08:56:16 -     INFO: __________________________________________________________________________________________________________________________________
2020/11/24 08:56:16 -     INFO: 

2020/11/24 08:56:16 -     INFO: Model will be saved at the following location: /analyse/Project0235/segmentator/output/outputs_7t/training/training_2020-11-24_08-56-07_anatIde=T1w_GT=training-labels_nf=24_epoch=87_BIDS_augm/model_trained.h5
2020/11/24 08:56:17 -     INFO: class_weights: [1.0, 1.0, 1.0, 1.0, 1.0, 1.0, 1.0]
2020/11/24 08:56:17 -     INFO: Training... 87 epochs, 1 vol.s per batch.

2020/11/24 08:56:17 -  WARNING: From /usr/local/lib/python3.6/site-packages/tensorflow/python/ops/math_grad.py:1250: add_dispatch_support.<locals>.wrapper (from tensorflow.python.ops.array_ops) is deprecated and will be removed in a future version.
Instructions for updating:
Use tf.where in 2.0, which has the same broadcast rule as np.where
2020/11/24 08:56:22 -  WARNING: From /usr/local/lib64/python3.6/site-packages/keras/callbacks.py:850: The name tf.summary.merge_all is deprecated. Please use tf.compat.v1.summary.merge_all instead.

2020/11/24 08:56:22 -  WARNING: From /usr/local/lib64/python3.6/site-packages/keras/callbacks.py:853: The name tf.summary.FileWriter is deprecated. Please use tf.compat.v1.summary.FileWriter instead.

2020/11/25 09:30:43 -     INFO: Training time: 1 day, 0:34:26.422319 (days, hh:mm:ss.ms)


2020/11/25 09:31:44 -     INFO: Testing set shape: (21, 256, 352, 224, 1)
2020/11/25 09:31:44 -     INFO: Testing set shape (GT): (21, 256, 352, 224, 7)
2020/11/25 09:31:45 -     INFO: Saved plot in: /analyse/Project0235/segmentator/output/outputs_7t/training/training_2020-11-24_08-56-07_anatIde=T1w_GT=training-labels_nf=24_epoch=87_BIDS_augm/history_dict_training.pdf
2020/11/25 09:31:45 -     INFO: *** Testing... ***
2020/11/25 09:31:54 -     INFO: Validation set (loss): 0.08604209683835506
2020/11/25 09:31:54 -     INFO: Validation set (categorical_crossentropy): 0.08604209683835506
2020/11/25 09:31:54 -     INFO: Validation set (dice_coef_multilabel): 0.8813183307647705
2020/11/25 09:31:54 -     INFO: Validation set (dice_coef_multilabel_metric): 0.8740974217653275
2020/11/25 09:31:54 -     INFO: Validation set (tversky_loss): 0.8813183307647705
2020/11/25 09:31:54 -     INFO: Validation set (jaccard_metric): 0.9043767303228378
2020/11/25 09:31:54 -     INFO: Validation set (dice_coef_metric): 0.9497712552547455
2020/11/25 09:31:54 -     INFO: Validation set (dice_coef_loss): 0.05022874474525452
2020/11/25 09:32:36 -     INFO: Testing set (loss): 0.06539815717509814
2020/11/25 09:32:36 -     INFO: Testing set (categorical_crossentropy): 0.06539815717509814
2020/11/25 09:32:36 -     INFO: Testing set (dice_coef_multilabel): 0.8237444559733073
2020/11/25 09:32:36 -     INFO: Testing set (dice_coef_multilabel_metric): 0.8823222546350389
2020/11/25 09:32:36 -     INFO: Testing set (tversky_loss): 0.8237444559733073
2020/11/25 09:32:36 -     INFO: Testing set (jaccard_metric): 0.9244206178755987
2020/11/25 09:32:36 -     INFO: Testing set (dice_coef_metric): 0.960719571227119
2020/11/25 09:32:36 -     INFO: Testing set (dice_coef_loss): 0.03928042877288092
2020/11/25 09:32:36 -     INFO: Test and save volumes
